<?xml version="1.0" encoding="UTF-8"?>
<!-- Generated by org.testng.reporters.JUnitXMLReporter -->
<testsuite ignored="0" hostname="NARASIMHA" failures="0" tests="5" name="Test" time="7.445" errors="0" timestamp="16 Aug 2023 16:12:12 GMT">
  <testcase classname="api.testcases.CreateUsr" name="createUsr" time="4.816"/>
  <testcase classname="api.testcases.UpdateUsr" name="updateUsr" time="0.641"/>
  <testcase classname="api.testcases.ReadUsr" name="getFirstnameEmail" time="0.536"/>
  <testcase classname="api.testcases.ReadUsr" name="userDetailsbyID" time="0.518"/>
  <testcase classname="api.testcases.ReadUsr" name="validateResponse" time="0.517"/>
</testsuite> <!-- Test -->
