<?xml version="1.0" encoding="UTF-8"?>
<testng-results ignored="0" total="5" passed="5" failed="0" skipped="0">
  <reporter-output>
  </reporter-output>
  <suite started-at="2023-08-16T16:12:04Z" name="Suite" finished-at="2023-08-16T16:12:11Z" duration-ms="7445">
    <groups>
    </groups>
    <test started-at="2023-08-16T16:12:04Z" name="Test" finished-at="2023-08-16T16:12:11Z" duration-ms="7445">
      <class name="api.testcases.UpdateUsr">
        <test-method signature="updateUsr()[pri:0, instance:api.testcases.UpdateUsr@72437d8d]" started-at="2023-08-16T16:12:09Z" name="updateUsr" finished-at="2023-08-16T16:12:10Z" duration-ms="641" status="PASS">
          <reporter-output>
          </reporter-output>
        </test-method> <!-- updateUsr -->
      </class> <!-- api.testcases.UpdateUsr -->
      <class name="api.testcases.ReadUsr">
        <test-method signature="getFirstnameEmail()[pri:0, instance:api.testcases.ReadUsr@1b955cac]" started-at="2023-08-16T16:12:10Z" name="getFirstnameEmail" finished-at="2023-08-16T16:12:10Z" duration-ms="536" status="PASS">
          <reporter-output>
          </reporter-output>
        </test-method> <!-- getFirstnameEmail -->
        <test-method signature="userDetailsbyID()[pri:0, instance:api.testcases.ReadUsr@1b955cac]" started-at="2023-08-16T16:12:10Z" name="userDetailsbyID" finished-at="2023-08-16T16:12:11Z" duration-ms="518" status="PASS">
          <reporter-output>
          </reporter-output>
        </test-method> <!-- userDetailsbyID -->
        <test-method signature="validateResponse()[pri:0, instance:api.testcases.ReadUsr@1b955cac]" started-at="2023-08-16T16:12:11Z" name="validateResponse" finished-at="2023-08-16T16:12:11Z" duration-ms="517" status="PASS">
          <reporter-output>
          </reporter-output>
        </test-method> <!-- validateResponse -->
      </class> <!-- api.testcases.ReadUsr -->
      <class name="api.testcases.CreateUsr">
        <test-method is-config="true" signature="setUpData()[pri:0, instance:api.testcases.CreateUsr@1c481ff2]" started-at="2023-08-16T16:12:04Z" name="setUpData" finished-at="2023-08-16T16:12:04Z" duration-ms="313" status="PASS">
          <reporter-output>
          </reporter-output>
        </test-method> <!-- setUpData -->
        <test-method signature="createUsr()[pri:0, instance:api.testcases.CreateUsr@1c481ff2]" started-at="2023-08-16T16:12:04Z" name="createUsr" finished-at="2023-08-16T16:12:09Z" duration-ms="4816" status="PASS">
          <reporter-output>
          </reporter-output>
        </test-method> <!-- createUsr -->
      </class> <!-- api.testcases.CreateUsr -->
    </test> <!-- Test -->
  </suite> <!-- Suite -->
</testng-results>
